[debug] [2021-02-16T02:27:43.795Z] ----------------------------------------------------------------------
[debug] [2021-02-16T02:27:43.797Z] Command:       /usr/local/bin/node /usr/local/bin/firebase init
[debug] [2021-02-16T02:27:43.797Z] CLI Version:   9.3.0
[debug] [2021-02-16T02:27:43.797Z] Platform:      darwin
[debug] [2021-02-16T02:27:43.797Z] Node Version:  v12.19.0
[debug] [2021-02-16T02:27:43.799Z] Time:          Tue Feb 16 2021 13:27:43 GMT+1100 (Australian Eastern Daylight Time)
[debug] [2021-02-16T02:27:43.799Z] ----------------------------------------------------------------------
[debug] [2021-02-16T02:27:43.799Z] 
[debug] [2021-02-16T02:27:43.805Z] > command requires scopes: ["email","openid","https://www.googleapis.com/auth/cloudplatformprojects.readonly","https://www.googleapis.com/auth/firebase","https://www.googleapis.com/auth/cloud-platform"]
[debug] [2021-02-16T02:27:43.805Z] > authorizing via signed-in user
[info] 
     ######## #### ########  ######## ########     ###     ######  ########
     ##        ##  ##     ## ##       ##     ##  ##   ##  ##       ##
     ######    ##  ########  ######   ########  #########  ######  ######
     ##        ##  ##    ##  ##       ##     ## ##     ##       ## ##
     ##       #### ##     ## ######## ########  ##     ##  ######  ########

You're about to initialize a Firebase project in this directory:

  /Users/anizali/Desktop/Portfolio github/project/netflix-clone/netflix-clone

[info] 
=== Project Setup
[info] 
[info] First, let's associate this project directory with a Firebase project.
[info] You can create multiple project aliases by running firebase use --add, 
[info] but for now we'll just set up a default project.
[info] 
[debug] [2021-02-16T02:28:44.096Z] >>> [apiv2][query] GET https://firebase.googleapis.com/v1beta1/projects pageSize=100
[debug] [2021-02-16T02:28:44.682Z] <<< [apiv2][status] GET https://firebase.googleapis.com/v1beta1/projects 200
[debug] [2021-02-16T02:28:44.682Z] <<< [apiv2][body] GET https://firebase.googleapis.com/v1beta1/projects [omitted]
[info] i  Using project netflix-clone-893e2 (netflix-clone) 
[info] 
=== Hosting Setup
[info] 
[info] Your public directory is the folder (relative to your project directory) that
[info] will contain Hosting assets to be uploaded with firebase deploy. If you
[info] have a build process for your assets, use your build's output directory.
[info] 
[debug] [2021-02-16T02:30:32.100Z] >>> [apiv2][query] GET https://www.gstatic.com/firebasejs/releases.json [none]
[debug] [2021-02-16T02:30:32.310Z] <<< [apiv2][status] GET https://www.gstatic.com/firebasejs/releases.json 200
[debug] [2021-02-16T02:30:32.310Z] <<< [apiv2][body] GET https://www.gstatic.com/firebasejs/releases.json {"current":{"version":"8.2.7","browserURL":"https://www.gstatic.com/firebasejs/8.2.7/firebase.js","packageURL":"https://www.gstatic.com/firebasejs/8.2.7/firebase.tgz"},"live":{"version":"8.2","browserURL":"https://www.gstatic.com/firebasejs/live/8.2/firebase.js","packageURL":"https://www.gstatic.com/firebasejs/live/8.2/firebase.tgz"},"components":{"analytics":"https://www.gstatic.com/firebasejs/8.2.7/firebase-analytics.js","app":"https://www.gstatic.com/firebasejs/8.2.7/firebase-app.js","auth":"https://www.gstatic.com/firebasejs/8.2.7/firebase-auth.js","database":"https://www.gstatic.com/firebasejs/8.2.7/firebase-database.js","firestore":"https://www.gstatic.com/firebasejs/8.2.7/firebase-firestore.js","functions":"https://www.gstatic.com/firebasejs/8.2.7/firebase-functions.js","installations":"https://www.gstatic.com/firebasejs/8.2.7/firebase-installations.js","messaging":"https://www.gstatic.com/firebasejs/8.2.7/firebase-messaging.js","storage":"https://www.gstatic.com/firebasejs/8.2.7/firebase-storage.js","performance":"https://www.gstatic.com/firebasejs/8.2.7/firebase-performance.js","remote-config":"https://www.gstatic.com/firebasejs/8.2.7/firebase-remote-config.js","firestore.memory":"https://www.gstatic.com/firebasejs/8.2.7/firebase-firestore.memory.js"}}
[info] ✔  Wrote build/index.html 
[info] 
[info] i  Detected a .git folder at /Users/anizali/Desktop/Portfolio github/project/netflix-clone/netflix-clone 
[info] i  Authorizing with GitHub to upload your service account to a GitHub repository's secrets store. 
[info] 
[info] Visit this URL on this device to log in:
[info] https://github.com/login/oauth/authorize?client_id=89cf50f02ac6aaed3484&state=500455231&redirect_uri=http%3A%2F%2Flocalhost%3A9005&scope=read%3Auser%20repo%20public_repo
[info] 
[info] Waiting for authentication...
[debug] [2021-02-16T02:31:09.419Z] >>> HTTP REQUEST POST https://github.com/login/oauth/access_token  
 {"client_id":"89cf50f02ac6aaed3484","client_secret":"3330d14abc895d9a74d5f17cd7a00711fa2c5bf0","code":"d30dad24fdd9d6662a1f","redirect_uri":"http://localhost:9005","state":"500455231"}
[debug] [2021-02-16T02:31:09.813Z] <<< HTTP RESPONSE 200 {"server":"GitHub.com","date":"Tue, 16 Feb 2021 02:31:09 GMT","content-type":"application/json; charset=utf-8","vary":"X-PJAX, Accept-Encoding, Accept, X-Requested-With","etag":"W/\"c34b40d650ab3cec207cdcaba88f36aa\"","cache-control":"max-age=0, private, must-revalidate","strict-transport-security":"max-age=31536000; includeSubdomains; preload","x-frame-options":"deny","x-content-type-options":"nosniff","x-xss-protection":"1; mode=block","referrer-policy":"origin-when-cross-origin, strict-origin-when-cross-origin","expect-ct":"max-age=2592000, report-uri=\"https://api.github.com/_private/browser/errors\"","content-security-policy":"default-src 'none'; base-uri 'self'; block-all-mixed-content; connect-src 'self' uploads.github.com www.githubstatus.com collector.githubapp.com api.github.com github-cloud.s3.amazonaws.com github-production-repository-file-5c1aeb.s3.amazonaws.com github-production-upload-manifest-file-7fdce7.s3.amazonaws.com github-production-user-asset-6210df.s3.amazonaws.com cdn.optimizely.com logx.optimizely.com/v1/events wss://alive.github.com; font-src github.githubassets.com; form-action 'self' github.com gist.github.com; frame-ancestors 'none'; frame-src render.githubusercontent.com; img-src 'self' data: github.githubassets.com identicons.github.com collector.githubapp.com github-cloud.s3.amazonaws.com user-images.githubusercontent.com/ *.githubusercontent.com; manifest-src 'self'; media-src 'none'; script-src github.githubassets.com; style-src 'unsafe-inline' github.githubassets.com; worker-src github.com/socket-worker-5029ae85.js gist.github.com/socket-worker-5029ae85.js","x-github-request-id":"F5AE:0DC8:4172CE:51FC67:602B2E6D","transfer-encoding":"chunked"}
[debug] [2021-02-16T02:31:09.815Z] >>> [apiv2][query] GET https://api.github.com/user [none]
[debug] [2021-02-16T02:31:10.158Z] <<< [apiv2][status] GET https://api.github.com/user 200
[debug] [2021-02-16T02:31:10.158Z] <<< [apiv2][body] GET https://api.github.com/user {"login":"mehthara","id":69957287,"node_id":"MDQ6VXNlcjY5OTU3Mjg3","avatar_url":"https://avatars.githubusercontent.com/u/69957287?v=4","gravatar_id":"","url":"https://api.github.com/users/mehthara","html_url":"https://github.com/mehthara","followers_url":"https://api.github.com/users/mehthara/followers","following_url":"https://api.github.com/users/mehthara/following{/other_user}","gists_url":"https://api.github.com/users/mehthara/gists{/gist_id}","starred_url":"https://api.github.com/users/mehthara/starred{/owner}{/repo}","subscriptions_url":"https://api.github.com/users/mehthara/subscriptions","organizations_url":"https://api.github.com/users/mehthara/orgs","repos_url":"https://api.github.com/users/mehthara/repos","events_url":"https://api.github.com/users/mehthara/events{/privacy}","received_events_url":"https://api.github.com/users/mehthara/received_events","type":"User","site_admin":false,"name":"Mehthara Mehaboob","company":null,"blog":"","location":"Sydney","email":"mehth.91@gmail.com","hireable":true,"bio":"I am a Computer Science Engineer, who recently completed my Junior Web Developer certificate from Generation Australia. ","twitter_username":null,"public_repos":21,"public_gists":0,"followers":3,"following":5,"created_at":"2020-08-20T07:09:03Z","updated_at":"2021-02-16T02:31:06Z","private_gists":0,"total_private_repos":0,"owned_private_repos":0,"disk_usage":71555,"collaborators":0,"two_factor_authentication":false,"plan":{"name":"free","space":976562499,"collaborators":0,"private_repos":10000}}
[info] 
[info] ✔  Success! Logged into GitHub as mehthara 
[info] 
[debug] [2021-02-16T02:34:32.376Z] >>> [apiv2][query] GET https://api.github.com/repos/mehthara/netflix-clone/actions/secrets/public-key type=owner
[debug] [2021-02-16T02:34:32.650Z] <<< [apiv2][status] GET https://api.github.com/repos/mehthara/netflix-clone/actions/secrets/public-key 404
[debug] [2021-02-16T02:34:32.650Z] <<< [apiv2][body] GET https://api.github.com/repos/mehthara/netflix-clone/actions/secrets/public-key {"message":"Not Found","documentation_url":"https://docs.github.com/rest/reference/actions#get-a-repository-public-key"}
